mode: set
github.com/spacesedan/testing-course/simple-testing/main.go:12.13,30.2 6 0
github.com/spacesedan/testing-course/simple-testing/main.go:32.54,35.6 2 1
github.com/spacesedan/testing-course/simple-testing/main.go:35.6,38.11 2 1
github.com/spacesedan/testing-course/simple-testing/main.go:43.3,44.11 2 1
github.com/spacesedan/testing-course/simple-testing/main.go:38.11,41.4 2 1
github.com/spacesedan/testing-course/simple-testing/main.go:48.58,53.44 2 1
github.com/spacesedan/testing-course/simple-testing/main.go:58.2,59.16 2 1
github.com/spacesedan/testing-course/simple-testing/main.go:63.2,64.19 2 1
github.com/spacesedan/testing-course/simple-testing/main.go:53.44,55.3 1 1
github.com/spacesedan/testing-course/simple-testing/main.go:59.16,61.3 1 1
github.com/spacesedan/testing-course/simple-testing/main.go:67.14,72.2 4 1
github.com/spacesedan/testing-course/simple-testing/main.go:74.15,76.2 1 1
github.com/spacesedan/testing-course/simple-testing/main.go:78.36,80.22 1 1
github.com/spacesedan/testing-course/simple-testing/main.go:85.2,85.11 1 1
github.com/spacesedan/testing-course/simple-testing/main.go:90.2,90.28 1 1
github.com/spacesedan/testing-course/simple-testing/main.go:97.2,97.54 1 1
github.com/spacesedan/testing-course/simple-testing/main.go:80.22,82.3 1 1
github.com/spacesedan/testing-course/simple-testing/main.go:85.11,87.3 1 1
github.com/spacesedan/testing-course/simple-testing/main.go:90.28,91.15 1 1
github.com/spacesedan/testing-course/simple-testing/main.go:91.15,94.4 1 1
