mode: set
github.com/spacesedan/testing-course/webapp/cmd/web/sessions.go:9.39,18.2 6 1
github.com/spacesedan/testing-course/webapp/cmd/web/db.go:11.42,13.16 2 0
github.com/spacesedan/testing-course/webapp/cmd/web/db.go:17.2,18.16 2 0
github.com/spacesedan/testing-course/webapp/cmd/web/db.go:22.2,22.16 1 0
github.com/spacesedan/testing-course/webapp/cmd/web/db.go:13.16,15.3 1 0
github.com/spacesedan/testing-course/webapp/cmd/web/db.go:18.16,20.3 1 0
github.com/spacesedan/testing-course/webapp/cmd/web/db.go:25.56,27.16 2 0
github.com/spacesedan/testing-course/webapp/cmd/web/db.go:31.2,32.24 2 0
github.com/spacesedan/testing-course/webapp/cmd/web/db.go:27.16,29.3 1 0
github.com/spacesedan/testing-course/webapp/cmd/web/forms.go:10.42,12.26 2 1
github.com/spacesedan/testing-course/webapp/cmd/web/forms.go:16.2,16.22 1 1
github.com/spacesedan/testing-course/webapp/cmd/web/forms.go:12.26,14.3 1 1
github.com/spacesedan/testing-course/webapp/cmd/web/forms.go:19.44,21.2 1 1
github.com/spacesedan/testing-course/webapp/cmd/web/forms.go:28.37,33.2 1 1
github.com/spacesedan/testing-course/webapp/cmd/web/forms.go:35.39,37.13 2 1
github.com/spacesedan/testing-course/webapp/cmd/web/forms.go:40.2,40.13 1 1
github.com/spacesedan/testing-course/webapp/cmd/web/forms.go:37.13,39.3 1 1
github.com/spacesedan/testing-course/webapp/cmd/web/forms.go:43.43,44.31 1 1
github.com/spacesedan/testing-course/webapp/cmd/web/forms.go:44.31,46.37 2 1
github.com/spacesedan/testing-course/webapp/cmd/web/forms.go:46.37,48.4 1 1
github.com/spacesedan/testing-course/webapp/cmd/web/forms.go:52.52,53.9 1 1
github.com/spacesedan/testing-course/webapp/cmd/web/forms.go:53.9,55.3 1 1
github.com/spacesedan/testing-course/webapp/cmd/web/forms.go:58.29,60.2 1 1
github.com/spacesedan/testing-course/webapp/cmd/web/handlers.go:19.70,23.45 2 1
github.com/spacesedan/testing-course/webapp/cmd/web/handlers.go:30.2,30.67 1 1
github.com/spacesedan/testing-course/webapp/cmd/web/handlers.go:23.45,26.3 2 1
github.com/spacesedan/testing-course/webapp/cmd/web/handlers.go:26.8,28.3 1 1
github.com/spacesedan/testing-course/webapp/cmd/web/handlers.go:33.73,36.2 1 0
github.com/spacesedan/testing-course/webapp/cmd/web/handlers.go:46.106,49.16 2 1
github.com/spacesedan/testing-course/webapp/cmd/web/handlers.go:54.2,59.45 4 1
github.com/spacesedan/testing-course/webapp/cmd/web/handlers.go:64.2,65.16 2 1
github.com/spacesedan/testing-course/webapp/cmd/web/handlers.go:68.2,68.12 1 1
github.com/spacesedan/testing-course/webapp/cmd/web/handlers.go:49.16,52.3 2 1
github.com/spacesedan/testing-course/webapp/cmd/web/handlers.go:59.45,61.3 1 0
github.com/spacesedan/testing-course/webapp/cmd/web/handlers.go:65.16,67.3 1 0
github.com/spacesedan/testing-course/webapp/cmd/web/handlers.go:72.71,74.16 2 1
github.com/spacesedan/testing-course/webapp/cmd/web/handlers.go:81.2,84.19 3 1
github.com/spacesedan/testing-course/webapp/cmd/web/handlers.go:91.2,95.16 4 1
github.com/spacesedan/testing-course/webapp/cmd/web/handlers.go:103.2,103.42 1 1
github.com/spacesedan/testing-course/webapp/cmd/web/handlers.go:110.2,116.59 3 1
github.com/spacesedan/testing-course/webapp/cmd/web/handlers.go:74.16,78.3 3 0
github.com/spacesedan/testing-course/webapp/cmd/web/handlers.go:84.19,89.3 3 1
github.com/spacesedan/testing-course/webapp/cmd/web/handlers.go:95.16,99.3 3 1
github.com/spacesedan/testing-course/webapp/cmd/web/handlers.go:103.42,107.3 3 1
github.com/spacesedan/testing-course/webapp/cmd/web/handlers.go:119.94,122.72 1 1
github.com/spacesedan/testing-course/webapp/cmd/web/handlers.go:127.2,128.13 2 1
github.com/spacesedan/testing-course/webapp/cmd/web/handlers.go:122.72,124.3 1 1
github.com/spacesedan/testing-course/webapp/cmd/web/handlers.go:132.82,135.16 2 1
github.com/spacesedan/testing-course/webapp/cmd/web/handlers.go:141.2,153.16 4 1
github.com/spacesedan/testing-course/webapp/cmd/web/handlers.go:159.2,160.16 2 1
github.com/spacesedan/testing-course/webapp/cmd/web/handlers.go:164.2,167.59 2 1
github.com/spacesedan/testing-course/webapp/cmd/web/handlers.go:135.16,138.3 2 0
github.com/spacesedan/testing-course/webapp/cmd/web/handlers.go:153.16,156.3 2 0
github.com/spacesedan/testing-course/webapp/cmd/web/handlers.go:160.16,163.3 2 0
github.com/spacesedan/testing-course/webapp/cmd/web/handlers.go:176.97,180.16 3 1
github.com/spacesedan/testing-course/webapp/cmd/web/handlers.go:184.2,184.48 1 1
github.com/spacesedan/testing-course/webapp/cmd/web/handlers.go:225.2,225.27 1 1
github.com/spacesedan/testing-course/webapp/cmd/web/handlers.go:180.16,182.3 1 0
github.com/spacesedan/testing-course/webapp/cmd/web/handlers.go:184.48,185.32 1 1
github.com/spacesedan/testing-course/webapp/cmd/web/handlers.go:185.32,186.86 1 1
github.com/spacesedan/testing-course/webapp/cmd/web/handlers.go:219.4,219.18 1 1
github.com/spacesedan/testing-course/webapp/cmd/web/handlers.go:186.86,191.19 3 1
github.com/spacesedan/testing-course/webapp/cmd/web/handlers.go:194.5,205.102 5 1
github.com/spacesedan/testing-course/webapp/cmd/web/handlers.go:215.5,217.30 2 1
github.com/spacesedan/testing-course/webapp/cmd/web/handlers.go:191.19,193.6 1 0
github.com/spacesedan/testing-course/webapp/cmd/web/handlers.go:205.102,207.6 1 0
github.com/spacesedan/testing-course/webapp/cmd/web/handlers.go:207.11,209.20 2 1
github.com/spacesedan/testing-course/webapp/cmd/web/handlers.go:212.6,212.38 1 1
github.com/spacesedan/testing-course/webapp/cmd/web/handlers.go:209.20,211.7 1 0
github.com/spacesedan/testing-course/webapp/cmd/web/handlers.go:219.18,221.5 1 0
github.com/spacesedan/testing-course/webapp/cmd/web/main.go:22.13,38.16 6 0
github.com/spacesedan/testing-course/webapp/cmd/web/main.go:41.2,50.16 5 0
github.com/spacesedan/testing-course/webapp/cmd/web/main.go:38.16,40.3 1 0
github.com/spacesedan/testing-course/webapp/cmd/web/main.go:50.16,52.3 1 0
github.com/spacesedan/testing-course/webapp/cmd/web/middleware.go:14.67,16.2 1 1
github.com/spacesedan/testing-course/webapp/cmd/web/middleware.go:18.72,19.71 1 1
github.com/spacesedan/testing-course/webapp/cmd/web/middleware.go:19.71,24.17 3 1
github.com/spacesedan/testing-course/webapp/cmd/web/middleware.go:34.3,34.40 1 1
github.com/spacesedan/testing-course/webapp/cmd/web/middleware.go:24.17,26.20 2 1
github.com/spacesedan/testing-course/webapp/cmd/web/middleware.go:29.4,29.60 1 1
github.com/spacesedan/testing-course/webapp/cmd/web/middleware.go:26.20,28.5 1 1
github.com/spacesedan/testing-course/webapp/cmd/web/middleware.go:30.9,32.4 1 1
github.com/spacesedan/testing-course/webapp/cmd/web/middleware.go:38.45,40.16 2 1
github.com/spacesedan/testing-course/webapp/cmd/web/middleware.go:44.2,45.19 2 1
github.com/spacesedan/testing-course/webapp/cmd/web/middleware.go:49.2,50.22 2 1
github.com/spacesedan/testing-course/webapp/cmd/web/middleware.go:54.2,54.18 1 1
github.com/spacesedan/testing-course/webapp/cmd/web/middleware.go:58.2,58.16 1 1
github.com/spacesedan/testing-course/webapp/cmd/web/middleware.go:40.16,42.3 1 1
github.com/spacesedan/testing-course/webapp/cmd/web/middleware.go:45.19,47.3 1 1
github.com/spacesedan/testing-course/webapp/cmd/web/middleware.go:50.22,52.3 1 1
github.com/spacesedan/testing-course/webapp/cmd/web/middleware.go:54.18,56.3 1 0
github.com/spacesedan/testing-course/webapp/cmd/web/middleware.go:61.62,62.71 1 1
github.com/spacesedan/testing-course/webapp/cmd/web/middleware.go:62.71,63.47 1 1
github.com/spacesedan/testing-course/webapp/cmd/web/middleware.go:69.3,69.23 1 1
github.com/spacesedan/testing-course/webapp/cmd/web/middleware.go:63.47,67.4 3 1
github.com/spacesedan/testing-course/webapp/cmd/web/routes.go:10.47,25.42 9 1
github.com/spacesedan/testing-course/webapp/cmd/web/routes.go:32.2,35.12 3 1
github.com/spacesedan/testing-course/webapp/cmd/web/routes.go:25.42,29.3 3 1
github.com/spacesedan/testing-course/webapp/cmd/api/main.go:21.13,30.16 7 0
github.com/spacesedan/testing-course/webapp/cmd/api/main.go:33.2,40.16 5 0
github.com/spacesedan/testing-course/webapp/cmd/api/main.go:30.16,32.3 1 0
github.com/spacesedan/testing-course/webapp/cmd/api/main.go:40.16,42.3 1 0
github.com/spacesedan/testing-course/webapp/cmd/api/middleware.go:5.68,6.71 1 1
github.com/spacesedan/testing-course/webapp/cmd/api/middleware.go:6.71,8.37 2 1
github.com/spacesedan/testing-course/webapp/cmd/api/middleware.go:8.37,13.4 4 1
github.com/spacesedan/testing-course/webapp/cmd/api/middleware.go:13.9,15.4 1 1
github.com/spacesedan/testing-course/webapp/cmd/api/middleware.go:19.70,20.71 1 1
github.com/spacesedan/testing-course/webapp/cmd/api/middleware.go:20.71,22.17 2 1
github.com/spacesedan/testing-course/webapp/cmd/api/middleware.go:27.3,27.23 1 1
github.com/spacesedan/testing-course/webapp/cmd/api/middleware.go:22.17,25.4 2 1
github.com/spacesedan/testing-course/webapp/cmd/api/routes.go:11.47,19.39 5 1
github.com/spacesedan/testing-course/webapp/cmd/api/routes.go:26.2,30.41 3 1
github.com/spacesedan/testing-course/webapp/cmd/api/routes.go:39.2,39.12 1 1
github.com/spacesedan/testing-course/webapp/cmd/api/routes.go:19.39,23.3 3 1
github.com/spacesedan/testing-course/webapp/cmd/api/routes.go:30.41,37.3 6 1
github.com/spacesedan/testing-course/webapp/cmd/api/utilities.go:10.102,15.19 2 1
github.com/spacesedan/testing-course/webapp/cmd/api/utilities.go:34.2,39.16 4 1
github.com/spacesedan/testing-course/webapp/cmd/api/utilities.go:42.2,42.12 1 1
github.com/spacesedan/testing-course/webapp/cmd/api/utilities.go:15.19,20.17 4 1
github.com/spacesedan/testing-course/webapp/cmd/api/utilities.go:23.3,23.18 1 1
github.com/spacesedan/testing-course/webapp/cmd/api/utilities.go:20.17,22.4 1 0
github.com/spacesedan/testing-course/webapp/cmd/api/utilities.go:24.8,27.17 2 1
github.com/spacesedan/testing-course/webapp/cmd/api/utilities.go:30.3,30.18 1 1
github.com/spacesedan/testing-course/webapp/cmd/api/utilities.go:27.17,29.4 1 0
github.com/spacesedan/testing-course/webapp/cmd/api/utilities.go:39.16,41.3 1 0
github.com/spacesedan/testing-course/webapp/cmd/api/utilities.go:45.84,47.21 2 1
github.com/spacesedan/testing-course/webapp/cmd/api/utilities.go:51.2,59.53 3 1
github.com/spacesedan/testing-course/webapp/cmd/api/utilities.go:47.21,49.3 1 1
github.com/spacesedan/testing-course/webapp/cmd/api/utilities.go:62.90,70.16 6 1
github.com/spacesedan/testing-course/webapp/cmd/api/utilities.go:75.2,76.19 2 1
github.com/spacesedan/testing-course/webapp/cmd/api/utilities.go:80.2,80.12 1 1
github.com/spacesedan/testing-course/webapp/cmd/api/utilities.go:70.16,72.3 1 1
github.com/spacesedan/testing-course/webapp/cmd/api/utilities.go:76.19,78.3 1 0
github.com/spacesedan/testing-course/webapp/cmd/api/auth.go:26.118,37.22 3 1
github.com/spacesedan/testing-course/webapp/cmd/api/auth.go:42.2,43.27 2 1
github.com/spacesedan/testing-course/webapp/cmd/api/auth.go:48.2,48.32 1 1
github.com/spacesedan/testing-course/webapp/cmd/api/auth.go:52.2,58.83 3 1
github.com/spacesedan/testing-course/webapp/cmd/api/auth.go:68.2,68.16 1 1
github.com/spacesedan/testing-course/webapp/cmd/api/auth.go:76.2,76.33 1 1
github.com/spacesedan/testing-course/webapp/cmd/api/auth.go:81.2,81.27 1 1
github.com/spacesedan/testing-course/webapp/cmd/api/auth.go:37.22,39.3 1 1
github.com/spacesedan/testing-course/webapp/cmd/api/auth.go:43.27,45.3 1 1
github.com/spacesedan/testing-course/webapp/cmd/api/auth.go:48.32,50.3 1 1
github.com/spacesedan/testing-course/webapp/cmd/api/auth.go:58.83,60.58 1 1
github.com/spacesedan/testing-course/webapp/cmd/api/auth.go:64.3,64.36 1 1
github.com/spacesedan/testing-course/webapp/cmd/api/auth.go:60.58,62.4 1 0
github.com/spacesedan/testing-course/webapp/cmd/api/auth.go:68.16,69.60 1 1
github.com/spacesedan/testing-course/webapp/cmd/api/auth.go:72.3,72.22 1 1
github.com/spacesedan/testing-course/webapp/cmd/api/auth.go:69.60,71.4 1 1
github.com/spacesedan/testing-course/webapp/cmd/api/auth.go:76.33,78.3 1 1
github.com/spacesedan/testing-course/webapp/cmd/api/auth.go:84.80,94.23 7 1
github.com/spacesedan/testing-course/webapp/cmd/api/auth.go:101.2,105.16 3 1
github.com/spacesedan/testing-course/webapp/cmd/api/auth.go:110.2,118.16 6 1
github.com/spacesedan/testing-course/webapp/cmd/api/auth.go:122.2,125.8 1 1
github.com/spacesedan/testing-course/webapp/cmd/api/auth.go:94.23,96.3 1 1
github.com/spacesedan/testing-course/webapp/cmd/api/auth.go:96.8,98.3 1 1
github.com/spacesedan/testing-course/webapp/cmd/api/auth.go:105.16,107.3 1 0
github.com/spacesedan/testing-course/webapp/cmd/api/auth.go:118.16,120.3 1 0
github.com/spacesedan/testing-course/webapp/cmd/api/db.go:11.42,13.16 2 0
github.com/spacesedan/testing-course/webapp/cmd/api/db.go:17.2,18.16 2 0
github.com/spacesedan/testing-course/webapp/cmd/api/db.go:22.2,22.16 1 0
github.com/spacesedan/testing-course/webapp/cmd/api/db.go:13.16,15.3 1 0
github.com/spacesedan/testing-course/webapp/cmd/api/db.go:18.16,20.3 1 0
github.com/spacesedan/testing-course/webapp/cmd/api/db.go:25.56,27.16 2 0
github.com/spacesedan/testing-course/webapp/cmd/api/db.go:31.2,32.24 2 0
github.com/spacesedan/testing-course/webapp/cmd/api/db.go:27.16,29.3 1 0
github.com/spacesedan/testing-course/webapp/cmd/api/handlers.go:19.78,23.16 3 1
github.com/spacesedan/testing-course/webapp/cmd/api/handlers.go:29.2,30.16 2 1
github.com/spacesedan/testing-course/webapp/cmd/api/handlers.go:36.2,37.16 2 1
github.com/spacesedan/testing-course/webapp/cmd/api/handlers.go:43.2,44.16 2 1
github.com/spacesedan/testing-course/webapp/cmd/api/handlers.go:49.2,62.49 2 1
github.com/spacesedan/testing-course/webapp/cmd/api/handlers.go:23.16,26.3 2 1
github.com/spacesedan/testing-course/webapp/cmd/api/handlers.go:30.16,33.3 2 1
github.com/spacesedan/testing-course/webapp/cmd/api/handlers.go:37.16,40.3 2 1
github.com/spacesedan/testing-course/webapp/cmd/api/handlers.go:44.16,47.3 2 0
github.com/spacesedan/testing-course/webapp/cmd/api/handlers.go:66.73,68.16 2 1
github.com/spacesedan/testing-course/webapp/cmd/api/handlers.go:73.2,76.89 3 1
github.com/spacesedan/testing-course/webapp/cmd/api/handlers.go:79.2,79.16 1 1
github.com/spacesedan/testing-course/webapp/cmd/api/handlers.go:83.2,83.76 1 1
github.com/spacesedan/testing-course/webapp/cmd/api/handlers.go:88.2,89.16 2 1
github.com/spacesedan/testing-course/webapp/cmd/api/handlers.go:94.2,95.16 2 1
github.com/spacesedan/testing-course/webapp/cmd/api/handlers.go:100.2,101.16 2 1
github.com/spacesedan/testing-course/webapp/cmd/api/handlers.go:106.2,118.49 2 1
github.com/spacesedan/testing-course/webapp/cmd/api/handlers.go:68.16,71.3 2 0
github.com/spacesedan/testing-course/webapp/cmd/api/handlers.go:76.89,78.3 1 1
github.com/spacesedan/testing-course/webapp/cmd/api/handlers.go:79.16,81.3 1 1
github.com/spacesedan/testing-course/webapp/cmd/api/handlers.go:83.76,85.3 1 1
github.com/spacesedan/testing-course/webapp/cmd/api/handlers.go:89.16,92.3 2 0
github.com/spacesedan/testing-course/webapp/cmd/api/handlers.go:95.16,98.3 2 0
github.com/spacesedan/testing-course/webapp/cmd/api/handlers.go:101.16,104.3 2 0
github.com/spacesedan/testing-course/webapp/cmd/api/handlers.go:122.84,123.37 1 1
github.com/spacesedan/testing-course/webapp/cmd/api/handlers.go:123.37,124.43 1 1
github.com/spacesedan/testing-course/webapp/cmd/api/handlers.go:124.43,128.92 3 1
github.com/spacesedan/testing-course/webapp/cmd/api/handlers.go:131.4,131.18 1 1
github.com/spacesedan/testing-course/webapp/cmd/api/handlers.go:141.4,142.18 2 1
github.com/spacesedan/testing-course/webapp/cmd/api/handlers.go:147.4,148.18 2 1
github.com/spacesedan/testing-course/webapp/cmd/api/handlers.go:153.4,154.18 2 1
github.com/spacesedan/testing-course/webapp/cmd/api/handlers.go:159.4,172.10 3 1
github.com/spacesedan/testing-course/webapp/cmd/api/handlers.go:128.92,130.5 1 1
github.com/spacesedan/testing-course/webapp/cmd/api/handlers.go:131.18,134.5 2 1
github.com/spacesedan/testing-course/webapp/cmd/api/handlers.go:142.18,145.5 2 0
github.com/spacesedan/testing-course/webapp/cmd/api/handlers.go:148.18,151.5 2 0
github.com/spacesedan/testing-course/webapp/cmd/api/handlers.go:154.18,157.5 2 0
github.com/spacesedan/testing-course/webapp/cmd/api/handlers.go:173.9,176.4 2 0
github.com/spacesedan/testing-course/webapp/cmd/api/handlers.go:180.74,182.16 2 1
github.com/spacesedan/testing-course/webapp/cmd/api/handlers.go:187.2,187.44 1 1
github.com/spacesedan/testing-course/webapp/cmd/api/handlers.go:182.16,185.3 2 0
github.com/spacesedan/testing-course/webapp/cmd/api/handlers.go:190.73,192.16 2 1
github.com/spacesedan/testing-course/webapp/cmd/api/handlers.go:197.2,198.16 2 1
github.com/spacesedan/testing-course/webapp/cmd/api/handlers.go:203.2,203.43 1 1
github.com/spacesedan/testing-course/webapp/cmd/api/handlers.go:192.16,195.3 2 1
github.com/spacesedan/testing-course/webapp/cmd/api/handlers.go:198.16,201.3 2 1
github.com/spacesedan/testing-course/webapp/cmd/api/handlers.go:206.76,210.16 3 1
github.com/spacesedan/testing-course/webapp/cmd/api/handlers.go:215.2,216.16 2 1
github.com/spacesedan/testing-course/webapp/cmd/api/handlers.go:221.2,221.37 1 1
github.com/spacesedan/testing-course/webapp/cmd/api/handlers.go:210.16,213.3 2 1
github.com/spacesedan/testing-course/webapp/cmd/api/handlers.go:216.16,219.3 2 1
github.com/spacesedan/testing-course/webapp/cmd/api/handlers.go:224.76,226.16 2 1
github.com/spacesedan/testing-course/webapp/cmd/api/handlers.go:231.2,232.16 2 1
github.com/spacesedan/testing-course/webapp/cmd/api/handlers.go:237.2,237.37 1 1
github.com/spacesedan/testing-course/webapp/cmd/api/handlers.go:226.16,229.3 2 1
github.com/spacesedan/testing-course/webapp/cmd/api/handlers.go:232.16,235.3 2 0
github.com/spacesedan/testing-course/webapp/cmd/api/handlers.go:240.76,244.16 3 1
github.com/spacesedan/testing-course/webapp/cmd/api/handlers.go:249.2,250.16 2 1
github.com/spacesedan/testing-course/webapp/cmd/api/handlers.go:255.2,255.37 1 1
github.com/spacesedan/testing-course/webapp/cmd/api/handlers.go:244.16,247.3 2 1
github.com/spacesedan/testing-course/webapp/cmd/api/handlers.go:250.16,253.3 2 0
github.com/spacesedan/testing-course/webapp/cmd/api/handlers.go:258.86,274.2 3 0
